{"numFailedTestSuites":0,"numFailedTests":0,"numPassedTestSuites":69,"numPassedTests":258,"numPendingTestSuites":0,"numPendingTests":0,"numRuntimeErrorTestSuites":0,"numTodoTests":0,"numTotalTestSuites":69,"numTotalTests":258,"openHandles":[],"snapshot":{"added":0,"didUpdate":false,"failure":false,"filesAdded":0,"filesRemoved":0,"filesRemovedList":[],"filesUnmatched":0,"filesUpdated":0,"matched":0,"total":0,"unchecked":0,"uncheckedKeysByFile":[],"unmatched":0,"updated":0},"startTime":1774871318859,"success":true,"testResults":[{"assertionResults":[{"ancestorTitles":["Supabase READ connectivity (anon key)"],"duration":11,"failing":false,"failureDetails":[],"failureMessages":[],"fullName":"Supabase READ connectivity (anon key) REST endpoint is reachable — HTTP status is not a network error","invocations":1,"location":null,"numPassingAsserts":3,"retryReasons":[],"startAt":1774871322877,"status":"passed","title":"REST endpoint is reachable — HTTP status is not a network error"},{"ancestorTitles":["Supabase READ connectivity (anon key)"],"duration":1,"failing":false,"failureDetails":[],"failureMessages":[],"fullName":"Supabase READ connectivity (anon key) HTTP 200 — RLS returns empty data for anon user (not an error)","invocations":1,"location":null,"numPassingAsserts":1,"retryReasons":[],"startAt":1774871322889,"status":"passed","title":"HTTP 200 — RLS returns empty data for anon user (not an error)"},{"ancestorTitles":["Supabase READ connectivity (anon key)"],"duration":0,"failing":false,"failureDetails":[],"failureMessages":[],"fullName":"Supabase READ connectivity (anon key) Response body is a valid JSON array","invocations":1,"location":null,"numPassingAsserts":1,"retryReasons":[],"startAt":1774871322891,"status":"passed","title":"Response body is a valid JSON array"},{"ancestorTitles":["Supabase WRITE connectivity (anon key)"],"duration":1,"failing":false,"failureDetails":[],"failureMessages":[],"fullName":"Supabase WRITE connectivity (anon key) REST write endpoint is reachable — HTTP status is not a network error","invocations":1,"location":null,"numPassingAsserts":3,"retryReasons":[],"startAt":1774871322891,"status":"passed","title":"REST write endpoint is reachable — HTTP status is not a network error"},{"ancestorTitles":["Supabase WRITE connectivity (anon key)"],"duration":1,"failing":false,"failureDetails":[],"failureMessages":[],"fullName":"Supabase WRITE connectivity (anon key) RLS blocks anon writes — status is 401 or 403 (not 201)","invocations":1,"location":null,"numPassingAsserts":1,"retryReasons":[],"startAt":1774871322893,"status":"passed","title":"RLS blocks anon writes — status is 401 or 403 (not 201)"}],"endTime":1774871322897,"message":"","name":"C:\\Users\\Tidyco\\Documents\\VScode\\Tidyco-apqp\\tests\\supabase-rw.test.js","startTime":1774871319992,"status":"passed","summary":""},{"assertionResults":[{"ancestorTitles":["Team tab sorting"],"duration":49,"failing":false,"failureDetails":[],"failureMessages":[],"fullName":"Team tab sorting should export capTeamSortBy function","invocations":1,"location":null,"numPassingAsserts":1,"retryReasons":[],"startAt":1774871326877,"status":"passed","title":"should export capTeamSortBy function"},{"ancestorTitles":["Team tab sorting"],"duration":15,"failing":false,"failureDetails":[],"failureMessages":[],"fullName":"Team tab sorting should export capGetTeamSortIcon function","invocations":1,"location":null,"numPassingAsserts":1,"retryReasons":[],"startAt":1774871326930,"status":"passed","title":"should export capGetTeamSortIcon function"},{"ancestorTitles":["Team tab sorting"],"duration":18,"failing":false,"failureDetails":[],"failureMessages":[],"fullName":"Team tab sorting capTeamSortBy should toggle sort direction","invocations":1,"location":null,"numPassingAsserts":1,"retryReasons":[],"startAt":1774871326945,"status":"passed","title":"capTeamSortBy should toggle sort direction"},{"ancestorTitles":["Team tab sorting"],"duration":6,"failing":false,"failureDetails":[],"failureMessages":[],"fullName":"Team tab sorting capGetTeamSortIcon should return sort indicator","invocations":1,"location":null,"numPassingAsserts":2,"retryReasons":[],"startAt":1774871326965,"status":"passed","title":"capGetTeamSortIcon should return sort indicator"}],"endTime":1774871326977,"message":"","name":"C:\\Users\\Tidyco\\Documents\\VScode\\Tidyco-apqp\\tests\\me-team-render.test.js","startTime":1774871322198,"status":"passed","summary":""},{"assertionResults":[{"ancestorTitles":["Heatmap renderer"],"duration":103,"failing":false,"failureDetails":[],"failureMessages":[],"fullName":"Heatmap renderer should export capRenderHeatmapTab function","invocations":1,"location":null,"numPassingAsserts":1,"retryReasons":[],"startAt":1774871326893,"status":"passed","title":"should export capRenderHeatmapTab function"},{"ancestorTitles":["Heatmap renderer"],"duration":2,"failing":false,"failureDetails":[],"failureMessages":[],"fullName":"Heatmap renderer should export capDrawHeatmapNow function","invocations":1,"location":null,"numPassingAsserts":1,"retryReasons":[],"startAt":1774871326998,"status":"passed","title":"should export capDrawHeatmapNow function"},{"ancestorTitles":["Heatmap renderer"],"duration":71,"failing":false,"failureDetails":[],"failureMessages":[],"fullName":"Heatmap renderer should export capOpenHeatmapDetail function","invocations":1,"location":null,"numPassingAsserts":1,"retryReasons":[],"startAt":1774871327030,"status":"passed","title":"should export capOpenHeatmapDetail function"},{"ancestorTitles":["Heatmap renderer"],"duration":11,"failing":false,"failureDetails":[],"failureMessages":[],"fullName":"Heatmap renderer should export capCloseHeatmapDetail function","invocations":1,"location":null,"numPassingAsserts":1,"retryReasons":[],"startAt":1774871327102,"status":"passed","title":"should export capCloseHeatmapDetail function"},{"ancestorTitles":["Heatmap renderer"],"duration":83,"failing":false,"failureDetails":[],"failureMessages":[],"fullName":"Heatmap renderer capRenderHeatmapTab should return HTML string","invocations":1,"location":null,"numPassingAsserts":2,"retryReasons":[],"startAt":1774871327114,"status":"passed","title":"capRenderHeatmapTab should return HTML string"}],"endTime":1774871327200,"message":"","name":"C:\\Users\\Tidyco\\Documents\\VScode\\Tidyco-apqp\\tests\\me-heatmap.test.js","startTime":1774871322386,"status":"passed","summary":""},{"assertionResults":[{"ancestorTitles":["MCS modal shared helpers","mcsBuildExtendedJustification & mcsParseExtendedJustification"],"duration":67,"failing":false,"failureDetails":[],"failureMessages":[],"fullName":"MCS modal shared helpers mcsBuildExtendedJustification & mcsParseExtendedJustification should round-trip justification data","invocations":1,"location":null,"numPassingAsserts":3,"retryReasons":[],"startAt":1774871326972,"status":"passed","title":"should round-trip justification data"},{"ancestorTitles":["MCS modal shared helpers","mcsBuildExtendedJustification & mcsParseExtendedJustification"],"duration":33,"failing":false,"failureDetails":[],"failureMessages":[],"fullName":"MCS modal shared helpers mcsBuildExtendedJustification & mcsParseExtendedJustification mcsBuildExtendedJustification should return string","invocations":1,"location":null,"numPassingAsserts":1,"retryReasons":[],"startAt":1774871327042,"status":"passed","title":"mcsBuildExtendedJustification should return string"},{"ancestorTitles":["MCS modal shared helpers","mcsBuildExtendedJustification & mcsParseExtendedJustification"],"duration":61,"failing":false,"failureDetails":[],"failureMessages":[],"fullName":"MCS modal shared helpers mcsBuildExtendedJustification & mcsParseExtendedJustification mcsParseExtendedJustification should return object","invocations":1,"location":null,"numPassingAsserts":1,"retryReasons":[],"startAt":1774871327118,"status":"passed","title":"mcsParseExtendedJustification should return object"},{"ancestorTitles":["MCS modal shared helpers","mcsBuildStage3ImpactChecklistHtml"],"duration":2,"failing":false,"failureDetails":[],"failureMessages":[],"fullName":"MCS modal shared helpers mcsBuildStage3ImpactChecklistHtml should return HTML string","invocations":1,"location":null,"numPassingAsserts":1,"retryReasons":[],"startAt":1774871327180,"status":"passed","title":"should return HTML string"},{"ancestorTitles":["MCS modal shared helpers","mcsBuildStage3ImpactChecklistHtml"],"duration":9,"failing":false,"failureDetails":[],"failureMessages":[],"fullName":"MCS modal shared helpers mcsBuildStage3ImpactChecklistHtml should include impact items in HTML","invocations":1,"location":null,"numPassingAsserts":2,"retryReasons":[],"startAt":1774871327183,"status":"passed","title":"should include impact items in HTML"},{"ancestorTitles":["MCS modal shared helpers","mcsBuildStage3ImpactChecklistHtml"],"duration":1,"failing":false,"failureDetails":[],"failureMessages":[],"fullName":"MCS modal shared helpers mcsBuildStage3ImpactChecklistHtml should handle empty impact array","invocations":1,"location":null,"numPassingAsserts":1,"retryReasons":[],"startAt":1774871327192,"status":"passed","title":"should handle empty impact array"}],"endTime":1774871327199,"message":"","name":"C:\\Users\\Tidyco\\Documents\\VScode\\Tidyco-apqp\\tests\\mcs-modal-shared.test.js","startTime":1774871322188,"status":"passed","summary":""},{"assertionResults":[{"ancestorTitles":["Task sorting"],"duration":23,"failing":false,"failureDetails":[],"failureMessages":[],"fullName":"Task sorting should export capTasksSortBy function","invocations":1,"location":null,"numPassingAsserts":1,"retryReasons":[],"startAt":1774871327253,"status":"passed","title":"should export capTasksSortBy function"},{"ancestorTitles":["Task sorting"],"duration":0,"failing":false,"failureDetails":[],"failureMessages":[],"fullName":"Task sorting should export capGetSortIcon function","invocations":1,"location":null,"numPassingAsserts":1,"retryReasons":[],"startAt":1774871327278,"status":"passed","title":"should export capGetSortIcon function"},{"ancestorTitles":["Task sorting"],"duration":1,"failing":false,"failureDetails":[],"failureMessages":[],"fullName":"Task sorting capTasksSortBy should toggle sort direction","invocations":1,"location":null,"numPassingAsserts":1,"retryReasons":[],"startAt":1774871327279,"status":"passed","title":"capTasksSortBy should toggle sort direction"},{"ancestorTitles":["Task sorting"],"duration":3,"failing":false,"failureDetails":[],"failureMessages":[],"fullName":"Task sorting capGetSortIcon should return valid sort indicator","invocations":1,"location":null,"numPassingAsserts":2,"retryReasons":[],"startAt":1774871327280,"status":"passed","title":"capGetSortIcon should return valid sort indicator"},{"ancestorTitles":["Task sorting"],"duration":1,"failing":false,"failureDetails":[],"failureMessages":[],"fullName":"Task sorting capGetSortIcon should return different icons for different columns","invocations":1,"location":null,"numPassingAsserts":1,"retryReasons":[],"startAt":1774871327283,"status":"passed","title":"capGetSortIcon should return different icons for different columns"},{"ancestorTitles":["Task sorting"],"duration":104,"failing":false,"failureDetails":[],"failureMessages":[],"fullName":"Task sorting renders searchable product picker in tasks add row","invocations":1,"location":null,"numPassingAsserts":3,"retryReasons":[],"startAt":1774871327302,"status":"passed","title":"renders searchable product picker in tasks add row"}],"endTime":1774871327412,"message":"","name":"C:\\Users\\Tidyco\\Documents\\VScode\\Tidyco-apqp\\tests\\me-tasks-sort.test.js","startTime":1774871322313,"status":"passed","summary":""},{"assertionResults":[{"ancestorTitles":["MCS Approver Permissions","mcsCanApproveStep"],"duration":20,"failing":false,"failureDetails":[],"failureMessages":[],"fullName":"MCS Approver Permissions mcsCanApproveStep should return boolean","invocations":1,"location":null,"numPassingAsserts":1,"retryReasons":[],"startAt":1774871327423,"status":"passed","title":"should return boolean"},{"ancestorTitles":["MCS Approver Permissions","mcsCanApproveStep"],"duration":4,"failing":false,"failureDetails":[],"failureMessages":[],"fullName":"MCS Approver Permissions mcsCanApproveStep should check user assignment for step","invocations":1,"location":null,"numPassingAsserts":2,"retryReasons":[],"startAt":1774871327445,"status":"passed","title":"should check user assignment for step"},{"ancestorTitles":["MCS Approver Permissions","mcsGetActiveStepKey"],"duration":3,"failing":false,"failureDetails":[],"failureMessages":[],"fullName":"MCS Approver Permissions mcsGetActiveStepKey should return string or null","invocations":1,"location":null,"numPassingAsserts":1,"retryReasons":[],"startAt":1774871327451,"status":"passed","title":"should return string or null"},{"ancestorTitles":["MCS Approver Permissions","mcsGetMyApproverSteps"],"duration":4,"failing":false,"failureDetails":[],"failureMessages":[],"fullName":"MCS Approver Permissions mcsGetMyApproverSteps should return array","invocations":1,"location":null,"numPassingAsserts":1,"retryReasons":[],"startAt":1774871327454,"status":"passed","title":"should return array"},{"ancestorTitles":["MCS Approver Permissions","mcsGetMyApproverSteps"],"duration":1,"failing":false,"failureDetails":[],"failureMessages":[],"fullName":"MCS Approver Permissions mcsGetMyApproverSteps should contain step keys from MCS_APPROVAL_STEPS","invocations":1,"location":null,"numPassingAsserts":0,"retryReasons":[],"startAt":1774871327459,"status":"passed","title":"should contain step keys from MCS_APPROVAL_STEPS"}],"endTime":1774871327463,"message":"","name":"C:\\Users\\Tidyco\\Documents\\VScode\\Tidyco-apqp\\tests\\mcs-approval.test.js","startTime":1774871322314,"status":"passed","summary":""},{"assertionResults":[{"ancestorTitles":["Chart rendering"],"duration":30,"failing":false,"failureDetails":[],"failureMessages":[],"fullName":"Chart rendering should export capGetChartRefreshText function","invocations":1,"location":null,"numPassingAsserts":1,"retryReasons":[],"startAt":1774871328247,"status":"passed","title":"should export capGetChartRefreshText function"},{"ancestorTitles":["Chart rendering"],"duration":6,"failing":false,"failureDetails":[],"failureMessages":[],"fullName":"Chart rendering should export capRenderChartTab function","invocations":1,"location":null,"numPassingAsserts":1,"retryReasons":[],"startAt":1774871328279,"status":"passed","title":"should export capRenderChartTab function"},{"ancestorTitles":["Chart rendering"],"duration":27,"failing":false,"failureDetails":[],"failureMessages":[],"fullName":"Chart rendering capGetChartRefreshText should return string","invocations":1,"location":null,"numPassingAsserts":2,"retryReasons":[],"startAt":1774871328285,"status":"passed","title":"capGetChartRefreshText should return string"},{"ancestorTitles":["Chart rendering"],"duration":9,"failing":false,"failureDetails":[],"failureMessages":[],"fullName":"Chart rendering capRenderChartTab should return HTML string","invocations":1,"location":null,"numPassingAsserts":2,"retryReasons":[],"startAt":1774871328313,"status":"passed","title":"capRenderChartTab should return HTML string"}],"endTime":1774871328324,"message":"","name":"C:\\Users\\Tidyco\\Documents\\VScode\\Tidyco-apqp\\tests\\me-chart.test.js","startTime":1774871322654,"status":"passed","summary":""},{"assertionResults":[{"ancestorTitles":["Capacity calculations"],"duration":6,"failing":false,"failureDetails":[],"failureMessages":[],"fullName":"Capacity calculations should return implicit subtask from task with assigneeId","invocations":1,"location":null,"numPassingAsserts":1,"retryReasons":[],"startAt":1774871328584,"status":"passed","title":"should return implicit subtask from task with assigneeId"},{"ancestorTitles":["Capacity calculations"],"duration":4,"failing":false,"failureDetails":[],"failureMessages":[],"fullName":"Capacity calculations should calculate monthly capacity with 40h/week default","invocations":1,"location":null,"numPassingAsserts":1,"retryReasons":[],"startAt":1774871328591,"status":"passed","title":"should calculate monthly capacity with 40h/week default"},{"ancestorTitles":["Capacity calculations"],"duration":1,"failing":false,"failureDetails":[],"failureMessages":[],"fullName":"Capacity calculations should deduct personal full-day holiday as 8 hours","invocations":1,"location":null,"numPassingAsserts":1,"retryReasons":[],"startAt":1774871328595,"status":"passed","title":"should deduct personal full-day holiday as 8 hours"},{"ancestorTitles":["Capacity calculations"],"duration":1,"failing":false,"failureDetails":[],"failureMessages":[],"fullName":"Capacity calculations should ignore weekend holidays","invocations":1,"location":null,"numPassingAsserts":1,"retryReasons":[],"startAt":1774871328597,"status":"passed","title":"should ignore weekend holidays"},{"ancestorTitles":["Capacity calculations"],"duration":1,"failing":false,"failureDetails":[],"failureMessages":[],"fullName":"Capacity calculations should ignore holidays for team members not in team list","invocations":1,"location":null,"numPassingAsserts":1,"retryReasons":[],"startAt":1774871328598,"status":"passed","title":"should ignore holidays for team members not in team list"},{"ancestorTitles":["Capacity calculations"],"duration":1,"failing":false,"failureDetails":[],"failureMessages":[],"fullName":"Capacity calculations should deduct half-day holiday as 4 hours","invocations":1,"location":null,"numPassingAsserts":1,"retryReasons":[],"startAt":1774871328599,"status":"passed","title":"should deduct half-day holiday as 4 hours"},{"ancestorTitles":["Capacity calculations"],"duration":1,"failing":false,"failureDetails":[],"failureMessages":[],"fullName":"Capacity calculations should support legacy person_id field in holidays","invocations":1,"location":null,"numPassingAsserts":1,"retryReasons":[],"startAt":1774871328600,"status":"passed","title":"should support legacy person_id field in holidays"},{"ancestorTitles":["Capacity calculations"],"duration":30,"failing":false,"failureDetails":[],"failureMessages":[],"fullName":"Capacity calculations should clip capacity to member start and end date","invocations":1,"location":null,"numPassingAsserts":2,"retryReasons":[],"startAt":1774871328601,"status":"passed","title":"should clip capacity to member start and end date"},{"ancestorTitles":["Capacity calculations"],"duration":3,"failing":false,"failureDetails":[],"failureMessages":[],"fullName":"Capacity calculations should include task demand in monthly calculation","invocations":1,"location":null,"numPassingAsserts":1,"retryReasons":[],"startAt":1774871328633,"status":"passed","title":"should include task demand in monthly calculation"},{"ancestorTitles":["Capacity calculations"],"duration":1,"failing":false,"failureDetails":[],"failureMessages":[],"fullName":"Capacity calculations should exclude disabled tasks from demand","invocations":1,"location":null,"numPassingAsserts":1,"retryReasons":[],"startAt":1774871328637,"status":"passed","title":"should exclude disabled tasks from demand"},{"ancestorTitles":["Capacity calculations"],"duration":1,"failing":false,"failureDetails":[],"failureMessages":[],"fullName":"Capacity calculations should return result object with capacity property","invocations":1,"location":null,"numPassingAsserts":2,"retryReasons":[],"startAt":1774871328638,"status":"passed","title":"should return result object with capacity property"}],"endTime":1774871328644,"message":"","name":"C:\\Users\\Tidyco\\Documents\\VScode\\Tidyco-apqp\\tests\\me-calculations.test.js","startTime":1774871327791,"status":"passed","summary":""},{"assertionResults":[{"ancestorTitles":["Capacity events and interactions"],"duration":15,"failing":false,"failureDetails":[],"failureMessages":[],"fullName":"Capacity events and interactions should have capacity events module available","invocations":1,"location":null,"numPassingAsserts":1,"retryReasons":[],"startAt":1774871328616,"status":"passed","title":"should have capacity events module available"},{"ancestorTitles":["Capacity events and interactions"],"duration":3,"failing":false,"failureDetails":[],"failureMessages":[],"fullName":"Capacity events and interactions should handle task edit interactions","invocations":1,"location":null,"numPassingAsserts":1,"retryReasons":[],"startAt":1774871328633,"status":"passed","title":"should handle task edit interactions"},{"ancestorTitles":["Capacity events and interactions"],"duration":44,"failing":false,"failureDetails":[],"failureMessages":[],"fullName":"Capacity events and interactions should debounce save operations","invocations":1,"location":null,"numPassingAsserts":1,"retryReasons":[],"startAt":1774871328637,"status":"passed","title":"should debounce save operations"}],"endTime":1774871328685,"message":"","name":"C:\\Users\\Tidyco\\Documents\\VScode\\Tidyco-apqp\\tests\\capacity-events.test.js","startTime":1774871327084,"status":"passed","summary":""},{"assertionResults":[{"ancestorTitles":["Holiday utilities"],"duration":6,"failing":false,"failureDetails":[],"failureMessages":[],"fullName":"Holiday utilities should export capFormatDate function","invocations":1,"location":null,"numPassingAsserts":1,"retryReasons":[],"startAt":1774871328828,"status":"passed","title":"should export capFormatDate function"},{"ancestorTitles":["Holiday utilities"],"duration":2,"failing":false,"failureDetails":[],"failureMessages":[],"fullName":"Holiday utilities capFormatDate should format valid date","invocations":1,"location":null,"numPassingAsserts":3,"retryReasons":[],"startAt":1774871328836,"status":"passed","title":"capFormatDate should format valid date"},{"ancestorTitles":["Holiday utilities"],"duration":2,"failing":false,"failureDetails":[],"failureMessages":[],"fullName":"Holiday utilities capFormatDate should handle null/invalid dates","invocations":1,"location":null,"numPassingAsserts":1,"retryReasons":[],"startAt":1774871328838,"status":"passed","title":"capFormatDate should handle null/invalid dates"},{"ancestorTitles":["Holiday utilities"],"duration":1,"failing":false,"failureDetails":[],"failureMessages":[],"fullName":"Holiday utilities capFormatDate should handle non-Date objects","invocations":1,"location":null,"numPassingAsserts":1,"retryReasons":[],"startAt":1774871328840,"status":"passed","title":"capFormatDate should handle non-Date objects"}],"endTime":1774871328844,"message":"","name":"C:\\Users\\Tidyco\\Documents\\VScode\\Tidyco-apqp\\tests\\me-holidays.test.js","startTime":1774871327470,"status":"passed","summary":""},{"assertionResults":[{"ancestorTitles":["ChartTheme"],"duration":155,"failing":false,"failureDetails":[],"failureMessages":[],"fullName":"ChartTheme should resolve CSS variables via get()","invocations":1,"location":null,"numPassingAsserts":3,"retryReasons":[],"startAt":1774871328588,"status":"passed","title":"should resolve CSS variables via get()"},{"ancestorTitles":["ChartTheme"],"duration":19,"failing":false,"failureDetails":[],"failureMessages":[],"fullName":"ChartTheme should return color object via getColors()","invocations":1,"location":null,"numPassingAsserts":7,"retryReasons":[],"startAt":1774871328744,"status":"passed","title":"should return color object via getColors()"},{"ancestorTitles":["ChartTheme"],"duration":7,"failing":false,"failureDetails":[],"failureMessages":[],"fullName":"ChartTheme should cycle palette colors when count exceeds available colors","invocations":1,"location":null,"numPassingAsserts":3,"retryReasons":[],"startAt":1774871328763,"status":"passed","title":"should cycle palette colors when count exceeds available colors"},{"ancestorTitles":["ChartTheme"],"duration":8,"failing":false,"failureDetails":[],"failureMessages":[],"fullName":"ChartTheme should return scale defaults with theme colors","invocations":1,"location":null,"numPassingAsserts":2,"retryReasons":[],"startAt":1774871328771,"status":"passed","title":"should return scale defaults with theme colors"},{"ancestorTitles":["ChartTheme"],"duration":29,"failing":false,"failureDetails":[],"failureMessages":[],"fullName":"ChartTheme should return plugin defaults with theme colors","invocations":1,"location":null,"numPassingAsserts":2,"retryReasons":[],"startAt":1774871328780,"status":"passed","title":"should return plugin defaults with theme colors"},{"ancestorTitles":["ChartTheme"],"duration":18,"failing":false,"failureDetails":[],"failureMessages":[],"fullName":"ChartTheme should merge overrides into getDefaultOptions()","invocations":1,"location":null,"numPassingAsserts":3,"retryReasons":[],"startAt":1774871328809,"status":"passed","title":"should merge overrides into getDefaultOptions()"},{"ancestorTitles":["ChartTheme"],"duration":12,"failing":false,"failureDetails":[],"failureMessages":[],"fullName":"ChartTheme should handle missing CSS variables gracefully","invocations":1,"location":null,"numPassingAsserts":1,"retryReasons":[],"startAt":1774871328827,"status":"passed","title":"should handle missing CSS variables gracefully"}],"endTime":1774871328869,"message":"","name":"C:\\Users\\Tidyco\\Documents\\VScode\\Tidyco-apqp\\tests\\chart-theme.test.js","startTime":1774871327756,"status":"passed","summary":""},{"assertionResults":[{"ancestorTitles":["Operations infographic helpers"],"duration":10,"failing":false,"failureDetails":[],"failureMessages":[],"fullName":"Operations infographic helpers opsInfographicBar should return HTML string","invocations":1,"location":null,"numPassingAsserts":2,"retryReasons":[],"startAt":1774871328840,"status":"passed","title":"opsInfographicBar should return HTML string"},{"ancestorTitles":["Operations infographic helpers"],"duration":2,"failing":false,"failureDetails":[],"failureMessages":[],"fullName":"Operations infographic helpers opsInfographicBar should clamp width to 100%","invocations":1,"location":null,"numPassingAsserts":1,"retryReasons":[],"startAt":1774871328851,"status":"passed","title":"opsInfographicBar should clamp width to 100%"},{"ancestorTitles":["Operations infographic helpers"],"duration":2,"failing":false,"failureDetails":[],"failureMessages":[],"fullName":"Operations infographic helpers opsInfographicTone should return tone string","invocations":1,"location":null,"numPassingAsserts":2,"retryReasons":[],"startAt":1774871328853,"status":"passed","title":"opsInfographicTone should return tone string"},{"ancestorTitles":["Operations infographic helpers"],"duration":17,"failing":false,"failureDetails":[],"failureMessages":[],"fullName":"Operations infographic helpers opsInfographicTone should evaluate utilisation threshold","invocations":1,"location":null,"numPassingAsserts":1,"retryReasons":[],"startAt":1774871328856,"status":"passed","title":"opsInfographicTone should evaluate utilisation threshold"},{"ancestorTitles":["Operations infographic helpers"],"duration":7,"failing":false,"failureDetails":[],"failureMessages":[],"fullName":"Operations infographic helpers opsInfographicUnitCards should return HTML string","invocations":1,"location":null,"numPassingAsserts":2,"retryReasons":[],"startAt":1774871328873,"status":"passed","title":"opsInfographicUnitCards should return HTML string"},{"ancestorTitles":["Operations infographic helpers"],"duration":1,"failing":false,"failureDetails":[],"failureMessages":[],"fullName":"Operations infographic helpers opsInfographicUnitCards should return empty string for null or empty array","invocations":1,"location":null,"numPassingAsserts":2,"retryReasons":[],"startAt":1774871328880,"status":"passed","title":"opsInfographicUnitCards should return empty string for null or empty array"}],"endTime":1774871328887,"message":"","name":"C:\\Users\\Tidyco\\Documents\\VScode\\Tidyco-apqp\\tests\\operations-infographic.test.js","startTime":1774871327353,"status":"passed","summary":""},{"assertionResults":[{"ancestorTitles":["ME data relational"],"duration":57,"failing":false,"failureDetails":[],"failureMessages":[],"fullName":"ME data relational should have Supabase module","invocations":1,"location":null,"numPassingAsserts":1,"retryReasons":[],"startAt":1774871329317,"status":"passed","title":"should have Supabase module"}],"endTime":1774871329379,"message":"","name":"C:\\Users\\Tidyco\\Documents\\VScode\\Tidyco-apqp\\tests\\me-data-relational-queries.test.js","startTime":1774871328428,"status":"passed","summary":""},{"assertionResults":[{"ancestorTitles":["Permission helpers"],"duration":11,"failing":false,"failureDetails":[],"failureMessages":[],"fullName":"Permission helpers should export canEdit function","invocations":1,"location":null,"numPassingAsserts":1,"retryReasons":[],"startAt":1774871329204,"status":"passed","title":"should export canEdit function"},{"ancestorTitles":["Permission helpers"],"duration":2,"failing":false,"failureDetails":[],"failureMessages":[],"fullName":"Permission helpers should export canViewSection function","invocations":1,"location":null,"numPassingAsserts":1,"retryReasons":[],"startAt":1774871329218,"status":"passed","title":"should export canViewSection function"},{"ancestorTitles":["Permission helpers"],"duration":4,"failing":false,"failureDetails":[],"failureMessages":[],"fullName":"Permission helpers should export canViewPortalTab function","invocations":1,"location":null,"numPassingAsserts":1,"retryReasons":[],"startAt":1774871329221,"status":"passed","title":"should export canViewPortalTab function"},{"ancestorTitles":["Permission helpers"],"duration":4,"failing":false,"failureDetails":[],"failureMessages":[],"fullName":"Permission helpers should export canViewPageKey function","invocations":1,"location":null,"numPassingAsserts":1,"retryReasons":[],"startAt":1774871329226,"status":"passed","title":"should export canViewPageKey function"},{"ancestorTitles":["Permission helpers"],"duration":9,"failing":false,"failureDetails":[],"failureMessages":[],"fullName":"Permission helpers should export hasPermission function","invocations":1,"location":null,"numPassingAsserts":1,"retryReasons":[],"startAt":1774871329231,"status":"passed","title":"should export hasPermission function"},{"ancestorTitles":["Permission helpers"],"duration":2,"failing":false,"failureDetails":[],"failureMessages":[],"fullName":"Permission helpers canEdit should return boolean based on role","invocations":1,"location":null,"numPassingAsserts":1,"retryReasons":[],"startAt":1774871329241,"status":"passed","title":"canEdit should return boolean based on role"},{"ancestorTitles":["Permission helpers"],"duration":28,"failing":false,"failureDetails":[],"failureMessages":[],"fullName":"Permission helpers canViewSection should return boolean","invocations":1,"location":null,"numPassingAsserts":1,"retryReasons":[],"startAt":1774871329243,"status":"passed","title":"canViewSection should return boolean"},{"ancestorTitles":["Permission helpers"],"duration":1,"failing":false,"failureDetails":[],"failureMessages":[],"fullName":"Permission helpers hasPermission should check permission flags","invocations":1,"location":null,"numPassingAsserts":1,"retryReasons":[],"startAt":1774871329291,"status":"passed","title":"hasPermission should check permission flags"},{"ancestorTitles":["Permission helpers"],"duration":13,"failing":false,"failureDetails":[],"failureMessages":[],"fullName":"Permission helpers should export isPermissionError function","invocations":1,"location":null,"numPassingAsserts":1,"retryReasons":[],"startAt":1774871329294,"status":"passed","title":"should export isPermissionError function"},{"ancestorTitles":["Permission helpers"],"duration":36,"failing":false,"failureDetails":[],"failureMessages":[],"fullName":"Permission helpers should export safeWarn function","invocations":1,"location":null,"numPassingAsserts":1,"retryReasons":[],"startAt":1774871329308,"status":"passed","title":"should export safeWarn function"},{"ancestorTitles":["Permission helpers"],"duration":1,"failing":false,"failureDetails":[],"failureMessages":[],"fullName":"Permission helpers should export safeError function","invocations":1,"location":null,"numPassingAsserts":1,"retryReasons":[],"startAt":1774871329344,"status":"passed","title":"should export safeError function"},{"ancestorTitles":["Permission helpers"],"duration":2,"failing":false,"failureDetails":[],"failureMessages":[],"fullName":"Permission helpers isPermissionError should detect RLS violation errors","invocations":1,"location":null,"numPassingAsserts":1,"retryReasons":[],"startAt":1774871329345,"status":"passed","title":"isPermissionError should detect RLS violation errors"},{"ancestorTitles":["Permission helpers"],"duration":4,"failing":false,"failureDetails":[],"failureMessages":[],"fullName":"Permission helpers isPermissionError should detect permission denied errors","invocations":1,"location":null,"numPassingAsserts":1,"retryReasons":[],"startAt":1774871329348,"status":"passed","title":"isPermissionError should detect permission denied errors"},{"ancestorTitles":["Permission helpers"],"duration":1,"failing":false,"failureDetails":[],"failureMessages":[],"fullName":"Permission helpers isPermissionError should detect PGRST116 errors","invocations":1,"location":null,"numPassingAsserts":1,"retryReasons":[],"startAt":1774871329353,"status":"passed","title":"isPermissionError should detect PGRST116 errors"},{"ancestorTitles":["Permission helpers"],"duration":2,"failing":false,"failureDetails":[],"failureMessages":[],"fullName":"Permission helpers isPermissionError should return false for genuine errors","invocations":1,"location":null,"numPassingAsserts":1,"retryReasons":[],"startAt":1774871329355,"status":"passed","title":"isPermissionError should return false for genuine errors"},{"ancestorTitles":["Permission helpers"],"duration":0,"failing":false,"failureDetails":[],"failureMessages":[],"fullName":"Permission helpers isPermissionError should return false for null/undefined","invocations":1,"location":null,"numPassingAsserts":2,"retryReasons":[],"startAt":1774871329358,"status":"passed","title":"isPermissionError should return false for null/undefined"}],"endTime":1774871329362,"message":"","name":"C:\\Users\\Tidyco\\Documents\\VScode\\Tidyco-apqp\\tests\\permissions-helpers.test.js","startTime":1774871327245,"status":"passed","summary":""},{"assertionResults":[{"ancestorTitles":["Settings email-to-name display"],"duration":11,"failing":false,"failureDetails":[],"failureMessages":[],"fullName":"Settings email-to-name display should have settings email-name module available","invocations":1,"location":null,"numPassingAsserts":1,"retryReasons":[],"startAt":1774871329397,"status":"passed","title":"should have settings email-name module available"},{"ancestorTitles":["Settings email-to-name display"],"duration":4,"failing":false,"failureDetails":[],"failureMessages":[],"fullName":"Settings email-to-name display should display user names from email addresses","invocations":1,"location":null,"numPassingAsserts":1,"retryReasons":[],"startAt":1774871329413,"status":"passed","title":"should display user names from email addresses"}],"endTime":1774871329419,"message":"","name":"C:\\Users\\Tidyco\\Documents\\VScode\\Tidyco-apqp\\tests\\settings-email-name.test.js","startTime":1774871328687,"status":"passed","summary":""},{"assertionResults":[{"ancestorTitles":["PM/LOG/UNIT6 team delete persistence"],"duration":43,"failing":false,"failureDetails":[],"failureMessages":[],"fullName":"PM/LOG/UNIT6 team delete persistence queues and persists PM team deletes during save","invocations":1,"location":null,"numPassingAsserts":3,"retryReasons":[],"startAt":1774871329439,"status":"passed","title":"queues and persists PM team deletes during save"},{"ancestorTitles":["PM/LOG/UNIT6 team delete persistence"],"duration":65,"failing":false,"failureDetails":[],"failureMessages":[],"fullName":"PM/LOG/UNIT6 team delete persistence queues and persists logistics team deletes during save","invocations":1,"location":null,"numPassingAsserts":3,"retryReasons":[],"startAt":1774871329484,"status":"passed","title":"queues and persists logistics team deletes during save"},{"ancestorTitles":["PM/LOG/UNIT6 team delete persistence"],"duration":19,"failing":false,"failureDetails":[],"failureMessages":[],"fullName":"PM/LOG/UNIT6 team delete persistence queues and persists Unit 6 team deletes during save","invocations":1,"location":null,"numPassingAsserts":3,"retryReasons":[],"startAt":1774871329549,"status":"passed","title":"queues and persists Unit 6 team deletes during save"}],"endTime":1774871329570,"message":"","name":"C:\\Users\\Tidyco\\Documents\\VScode\\Tidyco-apqp\\tests\\capacity-team-delete-persistence.test.js","startTime":1774871328917,"status":"passed","summary":""},{"assertionResults":[{"ancestorTitles":["PM data relational"],"duration":25,"failing":false,"failureDetails":[],"failureMessages":[],"fullName":"PM data relational should have PM data module","invocations":1,"location":null,"numPassingAsserts":1,"retryReasons":[],"startAt":1774871329593,"status":"passed","title":"should have PM data module"}],"endTime":1774871329622,"message":"","name":"C:\\Users\\Tidyco\\Documents\\VScode\\Tidyco-apqp\\tests\\pm-data-relational.test.js","startTime":1774871328927,"status":"passed","summary":""},{"assertionResults":[{"ancestorTitles":["State Module (state.js)","Core Exports"],"duration":5,"failing":false,"failureDetails":[],"failureMessages":[],"fullName":"State Module (state.js) Core Exports should export db object with projects array","invocations":1,"location":null,"numPassingAsserts":2,"retryReasons":[],"startAt":1774871329694,"status":"passed","title":"should export db object with projects array"},{"ancestorTitles":["State Module (state.js)","Core Exports"],"duration":1,"failing":false,"failureDetails":[],"failureMessages":[],"fullName":"State Module (state.js) Core Exports should export currentUserRole","invocations":1,"location":null,"numPassingAsserts":1,"retryReasons":[],"startAt":1774871329700,"status":"passed","title":"should export currentUserRole"},{"ancestorTitles":["State Module (state.js)","Core Exports"],"duration":1,"failing":false,"failureDetails":[],"failureMessages":[],"fullName":"State Module (state.js) Core Exports should export prog helper function","invocations":1,"location":null,"numPassingAsserts":1,"retryReasons":[],"startAt":1774871329701,"status":"passed","title":"should export prog helper function"},{"ancestorTitles":["State Module (state.js)","Core Exports"],"duration":1,"failing":false,"failureDetails":[],"failureMessages":[],"fullName":"State Module (state.js) Core Exports should export findProjectByProductId helper","invocations":1,"location":null,"numPassingAsserts":1,"retryReasons":[],"startAt":1774871329702,"status":"passed","title":"should export findProjectByProductId helper"},{"ancestorTitles":["State Module (state.js)","Core Exports"],"duration":1,"failing":false,"failureDetails":[],"failureMessages":[],"fullName":"State Module (state.js) Core Exports should export getDefaultGateSelection helper","invocations":1,"location":null,"numPassingAsserts":1,"retryReasons":[],"startAt":1774871329703,"status":"passed","title":"should export getDefaultGateSelection helper"},{"ancestorTitles":["State Module (state.js)","Core Exports"],"duration":1,"failing":false,"failureDetails":[],"failureMessages":[],"fullName":"State Module (state.js) Core Exports should export normalizeGateSelections helper","invocations":1,"location":null,"numPassingAsserts":1,"retryReasons":[],"startAt":1774871329704,"status":"passed","title":"should export normalizeGateSelections helper"},{"ancestorTitles":["State Module (state.js)","Core Exports"],"duration":1,"failing":false,"failureDetails":[],"failureMessages":[],"fullName":"State Module (state.js) Core Exports should reference GATE_DEFS","invocations":1,"location":null,"numPassingAsserts":1,"retryReasons":[],"startAt":1774871329705,"status":"passed","title":"should reference GATE_DEFS"},{"ancestorTitles":["State Module (state.js)","Navigation State"],"duration":1,"failing":false,"failureDetails":[],"failureMessages":[],"fullName":"State Module (state.js) Navigation State should have default currentSection as hub","invocations":1,"location":null,"numPassingAsserts":1,"retryReasons":[],"startAt":1774871329706,"status":"passed","title":"should have default currentSection as hub"},{"ancestorTitles":["State Module (state.js)","Navigation State"],"duration":0,"failing":false,"failureDetails":[],"failureMessages":[],"fullName":"State Module (state.js) Navigation State should have progId initialized as null","invocations":1,"location":null,"numPassingAsserts":1,"retryReasons":[],"startAt":1774871329707,"status":"passed","title":"should have progId initialized as null"},{"ancestorTitles":["State Module (state.js)","Tab States"],"duration":0,"failing":false,"failureDetails":[],"failureMessages":[],"fullName":"State Module (state.js) Tab States should have apqpTab defaulting to ctq","invocations":1,"location":null,"numPassingAsserts":1,"retryReasons":[],"startAt":1774871329708,"status":"passed","title":"should have apqpTab defaulting to ctq"},{"ancestorTitles":["State Module (state.js)","Tab States"],"duration":0,"failing":false,"failureDetails":[],"failureMessages":[],"fullName":"State Module (state.js) Tab States should have bomSubTab defaulting to tree","invocations":1,"location":null,"numPassingAsserts":1,"retryReasons":[],"startAt":1774871329709,"status":"passed","title":"should have bomSubTab defaulting to tree"},{"ancestorTitles":["State Module (state.js)","Tab States"],"duration":1,"failing":false,"failureDetails":[],"failureMessages":[],"fullName":"State Module (state.js) Tab States should have capacityTab defaulting to root","invocations":1,"location":null,"numPassingAsserts":1,"retryReasons":[],"startAt":1774871329709,"status":"passed","title":"should have capacityTab defaulting to root"},{"ancestorTitles":["State Module (state.js)","Tab States"],"duration":1,"failing":false,"failureDetails":[],"failureMessages":[],"fullName":"State Module (state.js) Tab States should have prodCapTab and pmCapTab defaults","invocations":1,"location":null,"numPassingAsserts":2,"retryReasons":[],"startAt":1774871329710,"status":"passed","title":"should have prodCapTab and pmCapTab defaults"},{"ancestorTitles":["State Module (state.js)","Filter States"],"duration":0,"failing":false,"failureDetails":[],"failureMessages":[],"fullName":"State Module (state.js) Filter States should initialize pfmeaRpnFilter as all","invocations":1,"location":null,"numPassingAsserts":1,"retryReasons":[],"startAt":1774871329711,"status":"passed","title":"should initialize pfmeaRpnFilter as all"},{"ancestorTitles":["State Module (state.js)","Filter States"],"duration":26,"failing":false,"failureDetails":[],"failureMessages":[],"fullName":"State Module (state.js) Filter States should initialize ctq source and coverage filters","invocations":1,"location":null,"numPassingAsserts":2,"retryReasons":[],"startAt":1774871329712,"status":"passed","title":"should initialize ctq source and coverage filters"},{"ancestorTitles":["State Module (state.js)","Filter States"],"duration":1,"failing":false,"failureDetails":[],"failureMessages":[],"fullName":"State Module (state.js) Filter States should initialize trackerSubAsmFilter","invocations":1,"location":null,"numPassingAsserts":1,"retryReasons":[],"startAt":1774871329739,"status":"passed","title":"should initialize trackerSubAsmFilter"},{"ancestorTitles":["State Module (state.js)","Picker States"],"duration":8,"failing":false,"failureDetails":[],"failureMessages":[],"fullName":"State Module (state.js) Picker States should initialize ctq picker state","invocations":1,"location":null,"numPassingAsserts":2,"retryReasons":[],"startAt":1774871329745,"status":"passed","title":"should initialize ctq picker state"},{"ancestorTitles":["State Module (state.js)","Picker States"],"duration":1,"failing":false,"failureDetails":[],"failureMessages":[],"fullName":"State Module (state.js) Picker States should initialize bom picker state","invocations":1,"location":null,"numPassingAsserts":3,"retryReasons":[],"startAt":1774871329753,"status":"passed","title":"should initialize bom picker state"},{"ancestorTitles":["State Module (state.js)","Picker States"],"duration":1,"failing":false,"failureDetails":[],"failureMessages":[],"fullName":"State Module (state.js) Picker States should initialize bom tree expanded as Set","invocations":1,"location":null,"numPassingAsserts":2,"retryReasons":[],"startAt":1774871329755,"status":"passed","title":"should initialize bom tree expanded as Set"},{"ancestorTitles":["State Module (state.js)","Collection States"],"duration":1,"failing":false,"failureDetails":[],"failureMessages":[],"fullName":"State Module (state.js) Collection States should initialize collapsedGroups as Set","invocations":1,"location":null,"numPassingAsserts":1,"retryReasons":[],"startAt":1774871329757,"status":"passed","title":"should initialize collapsedGroups as Set"},{"ancestorTitles":["State Module (state.js)","Collection States"],"duration":2,"failing":false,"failureDetails":[],"failureMessages":[],"fullName":"State Module (state.js) Collection States should initialize ABC catalogue data as empty array","invocations":1,"location":null,"numPassingAsserts":3,"retryReasons":[],"startAt":1774871329759,"status":"passed","title":"should initialize ABC catalogue data as empty array"},{"ancestorTitles":["State Module (state.js)","Collection States"],"duration":1,"failing":false,"failureDetails":[],"failureMessages":[],"fullName":"State Module (state.js) Collection States should initialize abcPickTarget","invocations":1,"location":null,"numPassingAsserts":1,"retryReasons":[],"startAt":1774871329761,"status":"passed","title":"should initialize abcPickTarget"},{"ancestorTitles":["State Module (state.js)","Action Centre State"],"duration":1,"failing":false,"failureDetails":[],"failureMessages":[],"fullName":"State Module (state.js) Action Centre State should initialize actionCentreData as null","invocations":1,"location":null,"numPassingAsserts":1,"retryReasons":[],"startAt":1774871329763,"status":"passed","title":"should initialize actionCentreData as null"},{"ancestorTitles":["State Module (state.js)","Action Centre State"],"duration":0,"failing":false,"failureDetails":[],"failureMessages":[],"fullName":"State Module (state.js) Action Centre State should initialize actionCentreLoading as false","invocations":1,"location":null,"numPassingAsserts":1,"retryReasons":[],"startAt":1774871329764,"status":"passed","title":"should initialize actionCentreLoading as false"},{"ancestorTitles":["State Module (state.js)","Action Centre State"],"duration":3,"failing":false,"failureDetails":[],"failureMessages":[],"fullName":"State Module (state.js) Action Centre State should initialize actionCentreTab and actionCentreStatusFilter","invocations":1,"location":null,"numPassingAsserts":2,"retryReasons":[],"startAt":1774871329765,"status":"passed","title":"should initialize actionCentreTab and actionCentreStatusFilter"},{"ancestorTitles":["State Module (state.js)","Settings State"],"duration":0,"failing":false,"failureDetails":[],"failureMessages":[],"fullName":"State Module (state.js) Settings State should initialize settingsActiveTab as families","invocations":1,"location":null,"numPassingAsserts":1,"retryReasons":[],"startAt":1774871329768,"status":"passed","title":"should initialize settingsActiveTab as families"},{"ancestorTitles":["State Module (state.js)","Settings State"],"duration":39,"failing":false,"failureDetails":[],"failureMessages":[],"fullName":"State Module (state.js) Settings State should initialize settings data states","invocations":1,"location":null,"numPassingAsserts":2,"retryReasons":[],"startAt":1774871329769,"status":"passed","title":"should initialize settings data states"},{"ancestorTitles":["State Module (state.js)","MCS State"],"duration":1,"failing":false,"failureDetails":[],"failureMessages":[],"fullName":"State Module (state.js) MCS State should initialize mcsApproverConfig as null","invocations":1,"location":null,"numPassingAsserts":2,"retryReasons":[],"startAt":1774871329809,"status":"passed","title":"should initialize mcsApproverConfig as null"},{"ancestorTitles":["State Module (state.js)","MCS State"],"duration":0,"failing":false,"failureDetails":[],"failureMessages":[],"fullName":"State Module (state.js) MCS State should initialize mcsList as empty array","invocations":1,"location":null,"numPassingAsserts":1,"retryReasons":[],"startAt":1774871329810,"status":"passed","title":"should initialize mcsList as empty array"},{"ancestorTitles":["State Module (state.js)","MCS State"],"duration":0,"failing":false,"failureDetails":[],"failureMessages":[],"fullName":"State Module (state.js) MCS State should have mcsCurrentFilter","invocations":1,"location":null,"numPassingAsserts":1,"retryReasons":[],"startAt":1774871329811,"status":"passed","title":"should have mcsCurrentFilter"},{"ancestorTitles":["State Module (state.js)","Capacity Defaults"],"duration":1,"failing":false,"failureDetails":[],"failureMessages":[],"fullName":"State Module (state.js) Capacity Defaults should have prodCapUtilizationFactor defaulting to 1.0","invocations":1,"location":null,"numPassingAsserts":1,"retryReasons":[],"startAt":1774871329811,"status":"passed","title":"should have prodCapUtilizationFactor defaulting to 1.0"},{"ancestorTitles":["State Module (state.js)","Capacity Defaults"],"duration":1,"failing":false,"failureDetails":[],"failureMessages":[],"fullName":"State Module (state.js) Capacity Defaults should have bomSubTab and bomPartsRegisterView defaults","invocations":1,"location":null,"numPassingAsserts":2,"retryReasons":[],"startAt":1774871329812,"status":"passed","title":"should have bomSubTab and bomPartsRegisterView defaults"},{"ancestorTitles":["State Module (state.js)","Documentation"],"duration":1,"failing":false,"failureDetails":[],"failureMessages":[],"fullName":"State Module (state.js) Documentation should contain role enum hint","invocations":1,"location":null,"numPassingAsserts":1,"retryReasons":[],"startAt":1774871329813,"status":"passed","title":"should contain role enum hint"},{"ancestorTitles":["State Module (state.js)","Documentation"],"duration":1,"failing":false,"failureDetails":[],"failureMessages":[],"fullName":"State Module (state.js) Documentation should contain APQP tab hint","invocations":1,"location":null,"numPassingAsserts":1,"retryReasons":[],"startAt":1774871329814,"status":"passed","title":"should contain APQP tab hint"},{"ancestorTitles":["State Module (state.js)","Documentation"],"duration":1,"failing":false,"failureDetails":[],"failureMessages":[],"fullName":"State Module (state.js) Documentation should contain RPN filter hint","invocations":1,"location":null,"numPassingAsserts":1,"retryReasons":[],"startAt":1774871329815,"status":"passed","title":"should contain RPN filter hint"}],"endTime":1774871329821,"message":"","name":"C:\\Users\\Tidyco\\Documents\\VScode\\Tidyco-apqp\\tests\\state.test.js","startTime":1774871328751,"status":"passed","summary":""},{"assertionResults":[{"ancestorTitles":["opsForecastBuildWeightedMatrix"],"duration":8,"failing":false,"failureDetails":[],"failureMessages":[],"fullName":"opsForecastBuildWeightedMatrix should return a matrix object","invocations":1,"location":null,"numPassingAsserts":2,"retryReasons":[],"startAt":1774871329822,"status":"passed","title":"should return a matrix object"},{"ancestorTitles":["opsForecastBuildWeightedMatrix"],"duration":3,"failing":false,"failureDetails":[],"failureMessages":[],"fullName":"opsForecastBuildWeightedMatrix should include month keys in matrix","invocations":1,"location":null,"numPassingAsserts":2,"retryReasons":[],"startAt":1774871329889,"status":"passed","title":"should include month keys in matrix"},{"ancestorTitles":["opsForecastBuildWeightedMatrix"],"duration":1,"failing":false,"failureDetails":[],"failureMessages":[],"fullName":"opsForecastBuildWeightedMatrix should handle empty rows","invocations":1,"location":null,"numPassingAsserts":1,"retryReasons":[],"startAt":1774871329892,"status":"passed","title":"should handle empty rows"}],"endTime":1774871329898,"message":"","name":"C:\\Users\\Tidyco\\Documents\\VScode\\Tidyco-apqp\\tests\\operations-forecast-data.test.js","startTime":1774871329074,"status":"passed","summary":""},{"assertionResults":[{"ancestorTitles":["Production planning and delegation"],"duration":4,"failing":false,"failureDetails":[],"failureMessages":[],"fullName":"Production planning and delegation should have production planning module available","invocations":1,"location":null,"numPassingAsserts":1,"retryReasons":[],"startAt":1774871330156,"status":"passed","title":"should have production planning module available"},{"ancestorTitles":["Production planning and delegation"],"duration":1,"failing":false,"failureDetails":[],"failureMessages":[],"fullName":"Production planning and delegation should support batch operations","invocations":1,"location":null,"numPassingAsserts":1,"retryReasons":[],"startAt":1774871330161,"status":"passed","title":"should support batch operations"}],"endTime":1774871330164,"message":"","name":"C:\\Users\\Tidyco\\Documents\\VScode\\Tidyco-apqp\\tests\\production-planning-delegation.test.js","startTime":1774871329450,"status":"passed","summary":""},{"assertionResults":[{"ancestorTitles":["DB Gap Coverage"],"duration":4,"failing":false,"failureDetails":[],"failureMessages":[],"fullName":"DB Gap Coverage should export saveRemote function","invocations":1,"location":null,"numPassingAsserts":1,"retryReasons":[],"startAt":1774871330177,"status":"passed","title":"should export saveRemote function"},{"ancestorTitles":["DB Gap Coverage"],"duration":2,"failing":false,"failureDetails":[],"failureMessages":[],"fullName":"DB Gap Coverage should export buildProjectRow function","invocations":1,"location":null,"numPassingAsserts":1,"retryReasons":[],"startAt":1774871330185,"status":"passed","title":"should export buildProjectRow function"},{"ancestorTitles":["DB Gap Coverage"],"duration":1,"failing":false,"failureDetails":[],"failureMessages":[],"fullName":"DB Gap Coverage should export isGateScopeColumnError function","invocations":1,"location":null,"numPassingAsserts":1,"retryReasons":[],"startAt":1774871330187,"status":"passed","title":"should export isGateScopeColumnError function"},{"ancestorTitles":["DB Gap Coverage"],"duration":2,"failing":false,"failureDetails":[],"failureMessages":[],"fullName":"DB Gap Coverage should export setSyncBadge function","invocations":1,"location":null,"numPassingAsserts":1,"retryReasons":[],"startAt":1774871330189,"status":"passed","title":"should export setSyncBadge function"}],"endTime":1774871330195,"message":"","name":"C:\\Users\\Tidyco\\Documents\\VScode\\Tidyco-apqp\\tests\\db-gaps.test.js","startTime":1774871329417,"status":"passed","summary":""},{"assertionResults":[{"ancestorTitles":["FEEDBACK_TYPES"],"duration":14,"failing":false,"failureDetails":[],"failureMessages":[],"fullName":"FEEDBACK_TYPES should define feedback type constants","invocations":1,"location":null,"numPassingAsserts":4,"retryReasons":[],"startAt":1774871330271,"status":"passed","title":"should define feedback type constants"},{"ancestorTitles":["FEEDBACK_STATUS"],"duration":52,"failing":false,"failureDetails":[],"failureMessages":[],"fullName":"FEEDBACK_STATUS should define status constants","invocations":1,"location":null,"numPassingAsserts":7,"retryReasons":[],"startAt":1774871330287,"status":"passed","title":"should define status constants"},{"ancestorTitles":["FEEDBACK_STATUS"],"duration":3,"failing":false,"failureDetails":[],"failureMessages":[],"fullName":"FEEDBACK_STATUS should mark closed statuses correctly","invocations":1,"location":null,"numPassingAsserts":7,"retryReasons":[],"startAt":1774871330340,"status":"passed","title":"should mark closed statuses correctly"},{"ancestorTitles":["FEEDBACK_PRIORITY"],"duration":1,"failing":false,"failureDetails":[],"failureMessages":[],"fullName":"FEEDBACK_PRIORITY should define priority constants","invocations":1,"location":null,"numPassingAsserts":3,"retryReasons":[],"startAt":1774871330343,"status":"passed","title":"should define priority constants"},{"ancestorTitles":["Config getter functions"],"duration":3,"failing":false,"failureDetails":[],"failureMessages":[],"fullName":"Config getter functions getFeedbackTypeConfig should return config for valid type","invocations":1,"location":null,"numPassingAsserts":2,"retryReasons":[],"startAt":1774871330345,"status":"passed","title":"getFeedbackTypeConfig should return config for valid type"},{"ancestorTitles":["Config getter functions"],"duration":3,"failing":false,"failureDetails":[],"failureMessages":[],"fullName":"Config getter functions getFeedbackStatusConfig should return config for valid status","invocations":1,"location":null,"numPassingAsserts":3,"retryReasons":[],"startAt":1774871330350,"status":"passed","title":"getFeedbackStatusConfig should return config for valid status"},{"ancestorTitles":["Config getter functions"],"duration":1,"failing":false,"failureDetails":[],"failureMessages":[],"fullName":"Config getter functions getFeedbackPriorityConfig should return config for valid priority","invocations":1,"location":null,"numPassingAsserts":2,"retryReasons":[],"startAt":1774871330353,"status":"passed","title":"getFeedbackPriorityConfig should return config for valid priority"}],"endTime":1774871330358,"message":"","name":"C:\\Users\\Tidyco\\Documents\\VScode\\Tidyco-apqp\\tests\\feedback-constants.test.js","startTime":1774871329412,"status":"passed","summary":""},{"assertionResults":[{"ancestorTitles":["NPI gate signoff permissions"],"duration":9,"failing":false,"failureDetails":[],"failureMessages":[],"fullName":"NPI gate signoff permissions should have gate structure with sigs array","invocations":1,"location":null,"numPassingAsserts":3,"retryReasons":[],"startAt":1774871330605,"status":"passed","title":"should have gate structure with sigs array"},{"ancestorTitles":["NPI gate signoff permissions"],"duration":8,"failing":false,"failureDetails":[],"failureMessages":[],"fullName":"NPI gate signoff permissions gate sig should have role, name, date, signed properties","invocations":1,"location":null,"numPassingAsserts":4,"retryReasons":[],"startAt":1774871330620,"status":"passed","title":"gate sig should have role, name, date, signed properties"},{"ancestorTitles":["NPI gate signoff permissions"],"duration":1,"failing":false,"failureDetails":[],"failureMessages":[],"fullName":"NPI gate signoff permissions should track signed state per gate signoff","invocations":1,"location":null,"numPassingAsserts":2,"retryReasons":[],"startAt":1774871330629,"status":"passed","title":"should track signed state per gate signoff"}],"endTime":1774871330632,"message":"","name":"C:\\Users\\Tidyco\\Documents\\VScode\\Tidyco-apqp\\tests\\npi-gate-permissions.test.js","startTime":1774871329889,"status":"passed","summary":""},{"assertionResults":[{"ancestorTitles":["Production portal"],"duration":9,"failing":false,"failureDetails":[],"failureMessages":[],"fullName":"Production portal should have production module available","invocations":1,"location":null,"numPassingAsserts":1,"retryReasons":[],"startAt":1774871330621,"status":"passed","title":"should have production module available"}],"endTime":1774871330634,"message":"","name":"C:\\Users\\Tidyco\\Documents\\VScode\\Tidyco-apqp\\tests\\production.test.js","startTime":1774871329930,"status":"passed","summary":""},{"assertionResults":[{"ancestorTitles":["Guide module"],"duration":38,"failing":false,"failureDetails":[],"failureMessages":[],"fullName":"Guide module should have GUIDE_CONTENT constant","invocations":1,"location":null,"numPassingAsserts":1,"retryReasons":[],"startAt":1774871330595,"status":"passed","title":"should have GUIDE_CONTENT constant"},{"ancestorTitles":["Guide module"],"duration":1,"failing":false,"failureDetails":[],"failureMessages":[],"fullName":"Guide module should have showGuide function","invocations":1,"location":null,"numPassingAsserts":1,"retryReasons":[],"startAt":1774871330634,"status":"passed","title":"should have showGuide function"},{"ancestorTitles":["Guide module"],"duration":1,"failing":false,"failureDetails":[],"failureMessages":[],"fullName":"Guide module should reference guide modal elements","invocations":1,"location":null,"numPassingAsserts":2,"retryReasons":[],"startAt":1774871330635,"status":"passed","title":"should reference guide modal elements"},{"ancestorTitles":["Guide module"],"duration":0,"failing":false,"failureDetails":[],"failureMessages":[],"fullName":"Guide module should call showModal with modalGuide","invocations":1,"location":null,"numPassingAsserts":1,"retryReasons":[],"startAt":1774871330636,"status":"passed","title":"should call showModal with modalGuide"},{"ancestorTitles":["Guide module"],"duration":0,"failing":false,"failureDetails":[],"failureMessages":[],"fullName":"Guide module should have guide content for hub","invocations":1,"location":null,"numPassingAsserts":1,"retryReasons":[],"startAt":1774871330637,"status":"passed","title":"should have guide content for hub"}],"endTime":1774871330672,"message":"","name":"C:\\Users\\Tidyco\\Documents\\VScode\\Tidyco-apqp\\tests\\guide.test.js","startTime":1774871329675,"status":"passed","summary":""},{"assertionResults":[{"ancestorTitles":["Capacity component renderers"],"duration":5,"failing":false,"failureDetails":[],"failureMessages":[],"fullName":"Capacity component renderers should export renderKPIStrip function","invocations":1,"location":null,"numPassingAsserts":1,"retryReasons":[],"startAt":1774871330619,"status":"passed","title":"should export renderKPIStrip function"},{"ancestorTitles":["Capacity component renderers"],"duration":1,"failing":false,"failureDetails":[],"failureMessages":[],"fullName":"Capacity component renderers should export renderMonthPicker function","invocations":1,"location":null,"numPassingAsserts":1,"retryReasons":[],"startAt":1774871330625,"status":"passed","title":"should export renderMonthPicker function"},{"ancestorTitles":["Capacity component renderers"],"duration":1,"failing":false,"failureDetails":[],"failureMessages":[],"fullName":"Capacity component renderers should export renderTableHeader function","invocations":1,"location":null,"numPassingAsserts":1,"retryReasons":[],"startAt":1774871330626,"status":"passed","title":"should export renderTableHeader function"},{"ancestorTitles":["Capacity component renderers"],"duration":1,"failing":false,"failureDetails":[],"failureMessages":[],"fullName":"Capacity component renderers should export renderEditableCell function","invocations":1,"location":null,"numPassingAsserts":1,"retryReasons":[],"startAt":1774871330627,"status":"passed","title":"should export renderEditableCell function"},{"ancestorTitles":["Capacity component renderers"],"duration":0,"failing":false,"failureDetails":[],"failureMessages":[],"fullName":"Capacity component renderers should export renderStatusBadge function","invocations":1,"location":null,"numPassingAsserts":1,"retryReasons":[],"startAt":1774871330628,"status":"passed","title":"should export renderStatusBadge function"},{"ancestorTitles":["Capacity component renderers"],"duration":1,"failing":false,"failureDetails":[],"failureMessages":[],"fullName":"Capacity component renderers should export renderEmptyState function","invocations":1,"location":null,"numPassingAsserts":1,"retryReasons":[],"startAt":1774871330629,"status":"passed","title":"should export renderEmptyState function"},{"ancestorTitles":["Capacity component renderers"],"duration":0,"failing":false,"failureDetails":[],"failureMessages":[],"fullName":"Capacity component renderers should export renderCard function","invocations":1,"location":null,"numPassingAsserts":1,"retryReasons":[],"startAt":1774871330630,"status":"passed","title":"should export renderCard function"},{"ancestorTitles":["Capacity component renderers"],"duration":0,"failing":false,"failureDetails":[],"failureMessages":[],"fullName":"Capacity component renderers should export renderSkeleton function","invocations":1,"location":null,"numPassingAsserts":1,"retryReasons":[],"startAt":1774871330631,"status":"passed","title":"should export renderSkeleton function"},{"ancestorTitles":["Capacity component renderers"],"duration":2,"failing":false,"failureDetails":[],"failureMessages":[],"fullName":"Capacity component renderers renderKPIStrip should return HTML string","invocations":1,"location":null,"numPassingAsserts":2,"retryReasons":[],"startAt":1774871330631,"status":"passed","title":"renderKPIStrip should return HTML string"},{"ancestorTitles":["Capacity component renderers"],"duration":54,"failing":false,"failureDetails":[],"failureMessages":[],"fullName":"Capacity component renderers renderStatusBadge should return HTML string","invocations":1,"location":null,"numPassingAsserts":1,"retryReasons":[],"startAt":1774871330633,"status":"passed","title":"renderStatusBadge should return HTML string"},{"ancestorTitles":["Capacity component renderers"],"duration":2,"failing":false,"failureDetails":[],"failureMessages":[],"fullName":"Capacity component renderers renderEmptyState should return HTML string","invocations":1,"location":null,"numPassingAsserts":1,"retryReasons":[],"startAt":1774871330688,"status":"passed","title":"renderEmptyState should return HTML string"}],"endTime":1774871330709,"message":"","name":"C:\\Users\\Tidyco\\Documents\\VScode\\Tidyco-apqp\\tests\\me-components.test.js","startTime":1774871329667,"status":"passed","summary":""},{"assertionResults":[{"ancestorTitles":["Realtime subscriptions"],"duration":67,"failing":false,"failureDetails":[],"failureMessages":[],"fullName":"Realtime subscriptions should export createRealtimeSubscription function","invocations":1,"location":null,"numPassingAsserts":1,"retryReasons":[],"startAt":1774871330840,"status":"passed","title":"should export createRealtimeSubscription function"},{"ancestorTitles":["Realtime subscriptions"],"duration":3,"failing":false,"failureDetails":[],"failureMessages":[],"fullName":"Realtime subscriptions should export removeRealtimeSubscription function","invocations":1,"location":null,"numPassingAsserts":1,"retryReasons":[],"startAt":1774871330911,"status":"passed","title":"should export removeRealtimeSubscription function"},{"ancestorTitles":["Realtime subscriptions"],"duration":2,"failing":false,"failureDetails":[],"failureMessages":[],"fullName":"Realtime subscriptions should export removeRealtimeSubscriptionsMatching function","invocations":1,"location":null,"numPassingAsserts":1,"retryReasons":[],"startAt":1774871330914,"status":"passed","title":"should export removeRealtimeSubscriptionsMatching function"},{"ancestorTitles":["Realtime subscriptions"],"duration":4,"failing":false,"failureDetails":[],"failureMessages":[],"fullName":"Realtime subscriptions should export getActiveRealtimeSubscriptions function","invocations":1,"location":null,"numPassingAsserts":1,"retryReasons":[],"startAt":1774871330916,"status":"passed","title":"should export getActiveRealtimeSubscriptions function"},{"ancestorTitles":["Realtime subscriptions"],"duration":4,"failing":false,"failureDetails":[],"failureMessages":[],"fullName":"Realtime subscriptions should export createMultiTableRealtimeSubscription function","invocations":1,"location":null,"numPassingAsserts":1,"retryReasons":[],"startAt":1774871330920,"status":"passed","title":"should export createMultiTableRealtimeSubscription function"},{"ancestorTitles":["Realtime subscriptions"],"duration":1,"failing":false,"failureDetails":[],"failureMessages":[],"fullName":"Realtime subscriptions getActiveRealtimeSubscriptions should return array","invocations":1,"location":null,"numPassingAsserts":1,"retryReasons":[],"startAt":1774871330925,"status":"passed","title":"getActiveRealtimeSubscriptions should return array"}],"endTime":1774871330946,"message":"","name":"C:\\Users\\Tidyco\\Documents\\VScode\\Tidyco-apqp\\tests\\realtime.test.js","startTime":1774871330227,"status":"passed","summary":""},{"assertionResults":[{"ancestorTitles":["APQP tab"],"duration":5,"failing":false,"failureDetails":[],"failureMessages":[],"fullName":"APQP tab should have APQP module available","invocations":1,"location":null,"numPassingAsserts":1,"retryReasons":[],"startAt":1774871331052,"status":"passed","title":"should have APQP module available"}],"endTime":1774871331060,"message":"","name":"C:\\Users\\Tidyco\\Documents\\VScode\\Tidyco-apqp\\tests\\apqp.test.js","startTime":1774871330390,"status":"passed","summary":""},{"assertionResults":[{"ancestorTitles":["NPI dashboard search and hydration"],"duration":16,"failing":false,"failureDetails":[],"failureMessages":[],"fullName":"NPI dashboard search and hydration should have NPI dashboard module available","invocations":1,"location":null,"numPassingAsserts":1,"retryReasons":[],"startAt":1774871331024,"status":"passed","title":"should have NPI dashboard module available"},{"ancestorTitles":["NPI dashboard search and hydration"],"duration":32,"failing":false,"failureDetails":[],"failureMessages":[],"fullName":"NPI dashboard search and hydration should support search input debouncing","invocations":1,"location":null,"numPassingAsserts":1,"retryReasons":[],"startAt":1774871331041,"status":"passed","title":"should support search input debouncing"},{"ancestorTitles":["NPI dashboard search and hydration"],"duration":21,"failing":false,"failureDetails":[],"failureMessages":[],"fullName":"NPI dashboard search and hydration should handle project hydration from database","invocations":1,"location":null,"numPassingAsserts":1,"retryReasons":[],"startAt":1774871331074,"status":"passed","title":"should handle project hydration from database"}],"endTime":1774871331103,"message":"","name":"C:\\Users\\Tidyco\\Documents\\VScode\\Tidyco-apqp\\tests\\npi-dashboard-search.test.js","startTime":1774871330198,"status":"passed","summary":""},{"assertionResults":[{"ancestorTitles":["Capacity hub portal"],"duration":15,"failing":false,"failureDetails":[],"failureMessages":[],"fullName":"Capacity hub portal should have capacity hub module available","invocations":1,"location":null,"numPassingAsserts":1,"retryReasons":[],"startAt":1774871331262,"status":"passed","title":"should have capacity hub module available"}],"endTime":1774871331280,"message":"","name":"C:\\Users\\Tidyco\\Documents\\VScode\\Tidyco-apqp\\tests\\capacity-hub.test.js","startTime":1774871330780,"status":"passed","summary":""},{"assertionResults":[{"ancestorTitles":["Feedback search and focus management"],"duration":60,"failing":false,"failureDetails":[],"failureMessages":[],"fullName":"Feedback search and focus management should have feedback module available","invocations":1,"location":null,"numPassingAsserts":1,"retryReasons":[],"startAt":1774871331247,"status":"passed","title":"should have feedback module available"},{"ancestorTitles":["Feedback search and focus management"],"duration":30,"failing":false,"failureDetails":[],"failureMessages":[],"fullName":"Feedback search and focus management should debounce search input","invocations":1,"location":null,"numPassingAsserts":1,"retryReasons":[],"startAt":1774871331310,"status":"passed","title":"should debounce search input"}],"endTime":1774871331347,"message":"","name":"C:\\Users\\Tidyco\\Documents\\VScode\\Tidyco-apqp\\tests\\feedback-search-focus.test.js","startTime":1774871330765,"status":"passed","summary":""},{"assertionResults":[{"ancestorTitles":["NPI events PFMEA search continuity"],"duration":182,"failing":false,"failureDetails":[],"failureMessages":[],"fullName":"NPI events PFMEA search continuity pfmea-text-search preserves focus and caret after debounced rerender","invocations":1,"location":null,"numPassingAsserts":4,"retryReasons":[],"startAt":1774871331242,"status":"passed","title":"pfmea-text-search preserves focus and caret after debounced rerender"}],"endTime":1774871331429,"message":"","name":"C:\\Users\\Tidyco\\Documents\\VScode\\Tidyco-apqp\\tests\\npi-events-search.test.js","startTime":1774871330703,"status":"passed","summary":""},{"assertionResults":[{"ancestorTitles":["Settings portal"],"duration":10,"failing":false,"failureDetails":[],"failureMessages":[],"fullName":"Settings portal should have settings module available","invocations":1,"location":null,"numPassingAsserts":1,"retryReasons":[],"startAt":1774871331453,"status":"passed","title":"should have settings module available"}],"endTime":1774871331474,"message":"","name":"C:\\Users\\Tidyco\\Documents\\VScode\\Tidyco-apqp\\tests\\settings-portal.test.js","startTime":1774871330978,"status":"passed","summary":""},{"assertionResults":[{"ancestorTitles":["Helper utilities"],"duration":6,"failing":false,"failureDetails":[],"failureMessages":[],"fullName":"Helper utilities should export esc function","invocations":1,"location":null,"numPassingAsserts":1,"retryReasons":[],"startAt":1774871331502,"status":"passed","title":"should export esc function"},{"ancestorTitles":["Helper utilities"],"duration":1,"failing":false,"failureDetails":[],"failureMessages":[],"fullName":"Helper utilities should export canViewPageKey function","invocations":1,"location":null,"numPassingAsserts":1,"retryReasons":[],"startAt":1774871331509,"status":"passed","title":"should export canViewPageKey function"},{"ancestorTitles":["Helper utilities"],"duration":1,"failing":false,"failureDetails":[],"failureMessages":[],"fullName":"Helper utilities should export canEdit function","invocations":1,"location":null,"numPassingAsserts":1,"retryReasons":[],"startAt":1774871331510,"status":"passed","title":"should export canEdit function"},{"ancestorTitles":["Helper utilities"],"duration":2,"failing":false,"failureDetails":[],"failureMessages":[],"fullName":"Helper utilities esc should escape HTML special chars","invocations":1,"location":null,"numPassingAsserts":2,"retryReasons":[],"startAt":1774871331511,"status":"passed","title":"esc should escape HTML special chars"}],"endTime":1774871331516,"message":"","name":"C:\\Users\\Tidyco\\Documents\\VScode\\Tidyco-apqp\\tests\\helpers.test.js","startTime":1774871330759,"status":"passed","summary":""},{"assertionResults":[{"ancestorTitles":["Product filtering components"],"duration":15,"failing":false,"failureDetails":[],"failureMessages":[],"fullName":"Product filtering components should export renderKPIStrip function","invocations":1,"location":null,"numPassingAsserts":1,"retryReasons":[],"startAt":1774871331604,"status":"passed","title":"should export renderKPIStrip function"},{"ancestorTitles":["Product filtering components"],"duration":2,"failing":false,"failureDetails":[],"failureMessages":[],"fullName":"Product filtering components should export renderMonthPicker function","invocations":1,"location":null,"numPassingAsserts":1,"retryReasons":[],"startAt":1774871331621,"status":"passed","title":"should export renderMonthPicker function"},{"ancestorTitles":["Product filtering components"],"duration":3,"failing":false,"failureDetails":[],"failureMessages":[],"fullName":"Product filtering components renderKPIStrip should return HTML string for product data","invocations":1,"location":null,"numPassingAsserts":2,"retryReasons":[],"startAt":1774871331624,"status":"passed","title":"renderKPIStrip should return HTML string for product data"},{"ancestorTitles":["Product filtering components"],"duration":3,"failing":false,"failureDetails":[],"failureMessages":[],"fullName":"Product filtering components renderMonthPicker should return HTML string","invocations":1,"location":null,"numPassingAsserts":2,"retryReasons":[],"startAt":1774871331627,"status":"passed","title":"renderMonthPicker should return HTML string"}],"endTime":1774871331633,"message":"","name":"C:\\Users\\Tidyco\\Documents\\VScode\\Tidyco-apqp\\tests\\me-products-filters.test.js","startTime":1774871331095,"status":"passed","summary":""},{"assertionResults":[{"ancestorTitles":["Bill of Materials"],"duration":34,"failing":false,"failureDetails":[],"failureMessages":[],"fullName":"Bill of Materials should have BOM module available","invocations":1,"location":null,"numPassingAsserts":1,"retryReasons":[],"startAt":1774871331713,"status":"passed","title":"should have BOM module available"}],"endTime":1774871331757,"message":"","name":"C:\\Users\\Tidyco\\Documents\\VScode\\Tidyco-apqp\\tests\\bom.test.js","startTime":1774871331146,"status":"passed","summary":""},{"assertionResults":[{"ancestorTitles":["NPI navigation - open project by ID"],"duration":13,"failing":false,"failureDetails":[],"failureMessages":[],"fullName":"NPI navigation - open project by ID should have db.projects array","invocations":1,"location":null,"numPassingAsserts":1,"retryReasons":[],"startAt":1774871331884,"status":"passed","title":"should have db.projects array"},{"ancestorTitles":["NPI navigation - open project by ID"],"duration":3,"failing":false,"failureDetails":[],"failureMessages":[],"fullName":"NPI navigation - open project by ID should identify duplicate projects by product_id","invocations":1,"location":null,"numPassingAsserts":1,"retryReasons":[],"startAt":1774871331899,"status":"passed","title":"should identify duplicate projects by product_id"},{"ancestorTitles":["NPI navigation - open project by ID"],"duration":2,"failing":false,"failureDetails":[],"failureMessages":[],"fullName":"NPI navigation - open project by ID should choose richer copy when duplicates exist","invocations":1,"location":null,"numPassingAsserts":1,"retryReasons":[],"startAt":1774871331903,"status":"passed","title":"should choose richer copy when duplicates exist"},{"ancestorTitles":["NPI navigation - open project by ID"],"duration":2,"failing":false,"failureDetails":[],"failureMessages":[],"fullName":"NPI navigation - open project by ID should update appState.progId when opening project","invocations":1,"location":null,"numPassingAsserts":1,"retryReasons":[],"startAt":1774871331906,"status":"passed","title":"should update appState.progId when opening project"}],"endTime":1774871331911,"message":"","name":"C:\\Users\\Tidyco\\Documents\\VScode\\Tidyco-apqp\\tests\\npi-navigation-open-project.test.js","startTime":1774871331500,"status":"passed","summary":""},{"assertionResults":[{"ancestorTitles":["UNIT6 data relational"],"duration":48,"failing":false,"failureDetails":[],"failureMessages":[],"fullName":"UNIT6 data relational should have UNIT6 data module","invocations":1,"location":null,"numPassingAsserts":1,"retryReasons":[],"startAt":1774871331894,"status":"passed","title":"should have UNIT6 data module"}],"endTime":1774871331945,"message":"","name":"C:\\Users\\Tidyco\\Documents\\VScode\\Tidyco-apqp\\tests\\unit6-data-relational.test.js","startTime":1774871331325,"status":"passed","summary":""},{"assertionResults":[{"ancestorTitles":["Work areas data CRUD"],"duration":42,"failing":false,"failureDetails":[],"failureMessages":[],"fullName":"Work areas data CRUD should have work areas data module","invocations":1,"location":null,"numPassingAsserts":1,"retryReasons":[],"startAt":1774871331976,"status":"passed","title":"should have work areas data module"}],"endTime":1774871332024,"message":"","name":"C:\\Users\\Tidyco\\Documents\\VScode\\Tidyco-apqp\\tests\\work-areas-data.test.js","startTime":1774871331445,"status":"passed","summary":""},{"assertionResults":[{"ancestorTitles":["Feedback data manager"],"duration":6,"failing":false,"failureDetails":[],"failureMessages":[],"fullName":"Feedback data manager should have feedbackDataManager object","invocations":1,"location":null,"numPassingAsserts":1,"retryReasons":[],"startAt":1774871332054,"status":"passed","title":"should have feedbackDataManager object"},{"ancestorTitles":["Feedback data manager"],"duration":1,"failing":false,"failureDetails":[],"failureMessa
[...]
hould handle Christmas and Boxing Day substitutions when Christmas is Saturday (2021)","invocations":1,"location":null,"numPassingAsserts":4,"retryReasons":[],"startAt":1774871332791,"status":"passed","title":"should handle Christmas and Boxing Day substitutions when Christmas is Saturday (2021)"},{"ancestorTitles":["getBankHolidaysForYear"],"duration":2,"failing":false,"failureDetails":[],"failureMessages":[],"fullName":"getBankHolidaysForYear should handle Christmas and Boxing Day correctly when weekday (2023)","invocations":1,"location":null,"numPassingAsserts":2,"retryReasons":[],"startAt":1774871332806,"status":"passed","title":"should handle Christmas and Boxing Day correctly when weekday (2023)"}],"endTime":1774871332815,"message":"","name":"C:\\Users\\Tidyco\\Documents\\VScode\\Tidyco-apqp\\tests\\bank-holidays.test.js","startTime":1774871332241,"status":"passed","summary":""},{"assertionResults":[{"ancestorTitles":["Supabase Auth"],"duration":5,"failing":false,"failureDetails":[],"failureMessages":[],"fullName":"Supabase Auth should have auth object","invocations":1,"location":null,"numPassingAsserts":1,"retryReasons":[],"startAt":1774871332839,"status":"passed","title":"should have auth object"},{"ancestorTitles":["Supabase Auth"],"duration":1,"failing":false,"failureDetails":[],"failureMessages":[],"fullName":"Supabase Auth should have signInWithPassword method","invocations":1,"location":null,"numPassingAsserts":1,"retryReasons":[],"startAt":1774871332846,"status":"passed","title":"should have signInWithPassword method"},{"ancestorTitles":["Supabase Auth"],"duration":5,"failing":false,"failureDetails":[],"failureMessages":[],"fullName":"Supabase Auth should have signOut method","invocations":1,"location":null,"numPassingAsserts":1,"retryReasons":[],"startAt":1774871332848,"status":"passed","title":"should have signOut method"},{"ancestorTitles":["Supabase Auth"],"duration":1,"failing":false,"failureDetails":[],"failureMessages":[],"fullName":"Supabase Auth should have getSession method","invocations":1,"location":null,"numPassingAsserts":1,"retryReasons":[],"startAt":1774871332854,"status":"passed","title":"should have getSession method"},{"ancestorTitles":["Supabase Auth"],"duration":1,"failing":false,"failureDetails":[],"failureMessages":[],"fullName":"Supabase Auth should have onAuthStateChange method","invocations":1,"location":null,"numPassingAsserts":1,"retryReasons":[],"startAt":1774871332855,"status":"passed","title":"should have onAuthStateChange method"},{"ancestorTitles":["Supabase Auth"],"duration":2,"failing":false,"failureDetails":[],"failureMessages":[],"fullName":"Supabase Auth getSession should return session data","invocations":1,"location":null,"numPassingAsserts":2,"retryReasons":[],"startAt":1774871332856,"status":"passed","title":"getSession should return session data"},{"ancestorTitles":["Supabase Auth"],"duration":2,"failing":false,"failureDetails":[],"failureMessages":[],"fullName":"Supabase Auth signOut should resolve successfully","invocations":1,"location":null,"numPassingAsserts":1,"retryReasons":[],"startAt":1774871332858,"status":"passed","title":"signOut should resolve successfully"}],"endTime":1774871332864,"message":"","name":"C:\\Users\\Tidyco\\Documents\\VScode\\Tidyco-apqp\\tests\\auth.test.js","startTime":1774871332445,"status":"passed","summary":""},{"assertionResults":[{"ancestorTitles":["MCS Overhaul History Integration"],"duration":13,"failing":false,"failureDetails":[],"failureMessages":[],"fullName":"MCS Overhaul History Integration should store MCS change records in window.mcsList","invocations":1,"location":null,"numPassingAsserts":2,"retryReasons":[],"startAt":1774871332921,"status":"passed","title":"should store MCS change records in window.mcsList"},{"ancestorTitles":["MCS Overhaul History Integration"],"duration":2,"failing":false,"failureDetails":[],"failureMessages":[],"fullName":"MCS Overhaul History Integration should allow positive time impact hours","invocations":1,"location":null,"numPassingAsserts":2,"retryReasons":[],"startAt":1774871332935,"status":"passed","title":"should allow positive time impact hours"},{"ancestorTitles":["MCS Overhaul History Integration"],"duration":1,"failing":false,"failureDetails":[],"failureMessages":[],"fullName":"MCS Overhaul History Integration should allow negative time impact hours (speedups)","invocations":1,"location":null,"numPassingAsserts":1,"retryReasons":[],"startAt":1774871332937,"status":"passed","title":"should allow negative time impact hours (speedups)"},{"ancestorTitles":["MCS Overhaul History Integration"],"duration":14,"failing":false,"failureDetails":[],"failureMessages":[],"fullName":"MCS Overhaul History Integration should have recovery target date field","invocations":1,"location":null,"numPassingAsserts":1,"retryReasons":[],"startAt":1774871332941,"status":"passed","title":"should have recovery target date field"},{"ancestorTitles":["MCS Overhaul History Integration"],"duration":2,"failing":false,"failureDetails":[],"failureMessages":[],"fullName":"MCS Overhaul History Integration should have time impact reason field","invocations":1,"location":null,"numPassingAsserts":2,"retryReasons":[],"startAt":1774871332956,"status":"passed","title":"should have time impact reason field"},{"ancestorTitles":["MCS Overhaul History Integration"],"duration":3,"failing":false,"failureDetails":[],"failureMessages":[],"fullName":"MCS Overhaul History Integration should have implementation date field (can be null)","invocations":1,"location":null,"numPassingAsserts":1,"retryReasons":[],"startAt":1774871332958,"status":"passed","title":"should have implementation date field (can be null)"}],"endTime":1774871332970,"message":"","name":"C:\\Users\\Tidyco\\Documents\\VScode\\Tidyco-apqp\\tests\\mcs-overhaul-integration.test.js","startTime":1774871332468,"status":"passed","summary":""},{"assertionResults":[{"ancestorTitles":["Parts database"],"duration":12,"failing":false,"failureDetails":[],"failureMessages":[],"fullName":"Parts database should have parts database module available","invocations":1,"location":null,"numPassingAsserts":1,"retryReasons":[],"startAt":1774871332955,"status":"passed","title":"should have parts database module available"}],"endTime":1774871332971,"message":"","name":"C:\\Users\\Tidyco\\Documents\\VScode\\Tidyco-apqp\\tests\\parts-database.test.js","startTime":1774871332521,"status":"passed","summary":""},{"assertionResults":[{"ancestorTitles":["Production products management"],"duration":16,"failing":false,"failureDetails":[],"failureMessages":[],"fullName":"Production products management should have production products module available","invocations":1,"location":null,"numPassingAsserts":1,"retryReasons":[],"startAt":1774871333035,"status":"passed","title":"should have production products module available"},{"ancestorTitles":["Production products management"],"duration":7,"failing":false,"failureDetails":[],"failureMessages":[],"fullName":"Production products management should render product table","invocations":1,"location":null,"numPassingAsserts":1,"retryReasons":[],"startAt":1774871333052,"status":"passed","title":"should render product table"}],"endTime":1774871333061,"message":"","name":"C:\\Users\\Tidyco\\Documents\\VScode\\Tidyco-apqp\\tests\\production-products.test.js","startTime":1774871332540,"status":"passed","summary":""},{"assertionResults":[{"ancestorTitles":["ME Capacity data module"],"duration":7,"failing":false,"failureDetails":[],"failureMessages":[],"fullName":"ME Capacity data module should have ME data module available","invocations":1,"location":null,"numPassingAsserts":1,"retryReasons":[],"startAt":1774871333294,"status":"passed","title":"should have ME data module available"}],"endTime":1774871333305,"message":"","name":"C:\\Users\\Tidyco\\Documents\\VScode\\Tidyco-apqp\\tests\\me-data-core.test.js","startTime":1774871332689,"status":"passed","summary":""},{"assertionResults":[{"ancestorTitles":["Product Development portal"],"duration":14,"failing":false,"failureDetails":[],"failureMessages":[],"fullName":"Product Development portal should have product development module available","invocations":1,"location":null,"numPassingAsserts":1,"retryReasons":[],"startAt":1774871333587,"status":"passed","title":"should have product development module available"}],"endTime":1774871333605,"message":"","name":"C:\\Users\\Tidyco\\Documents\\VScode\\Tidyco-apqp\\tests\\product-development.test.js","startTime":1774871332775,"status":"passed","summary":""},{"assertionResults":[{"ancestorTitles":["NPI data relational"],"duration":12,"failing":false,"failureDetails":[],"failureMessages":[],"fullName":"NPI data relational should have NPI data module available","invocations":1,"location":null,"numPassingAsserts":1,"retryReasons":[],"startAt":1774871333642,"status":"passed","title":"should have NPI data module available"}],"endTime":1774871333684,"message":"","name":"C:\\Users\\Tidyco\\Documents\\VScode\\Tidyco-apqp\\tests\\npi-data-relational.test.js","startTime":1774871332860,"status":"passed","summary":""},{"assertionResults":[{"ancestorTitles":["NPI PFD flowchart"],"duration":216,"failing":false,"failureDetails":[],"failureMessages":[],"fullName":"NPI PFD flowchart should generate unique IDs via crypto.randomUUID","invocations":1,"location":null,"numPassingAsserts":1,"retryReasons":[],"startAt":1774871333601,"status":"passed","title":"should generate unique IDs via crypto.randomUUID"},{"ancestorTitles":["NPI PFD flowchart"],"duration":1,"failing":false,"failureDetails":[],"failureMessages":[],"fullName":"NPI PFD flowchart should have crypto.randomUUID available","invocations":1,"location":null,"numPassingAsserts":1,"retryReasons":[],"startAt":1774871333819,"status":"passed","title":"should have crypto.randomUUID available"},{"ancestorTitles":["NPI PFD flowchart"],"duration":7,"failing":false,"failureDetails":[],"failureMessages":[],"fullName":"NPI PFD flowchart should return consistent ID format","invocations":1,"location":null,"numPassingAsserts":2,"retryReasons":[],"startAt":1774871333820,"status":"passed","title":"should return consistent ID format"}],"endTime":1774871333833,"message":"","name":"C:\\Users\\Tidyco\\Documents\\VScode\\Tidyco-apqp\\tests\\npi-pfd-flowchart.test.js","startTime":1774871332940,"status":"passed","summary":""},{"assertionResults":[{"ancestorTitles":["Families data"],"duration":5,"failing":false,"failureDetails":[],"failureMessages":[],"fullName":"Families data should have families data module available","invocations":1,"location":null,"numPassingAsserts":1,"retryReasons":[],"startAt":1774871334079,"status":"passed","title":"should have families data module available"}],"endTime":1774871334087,"message":"","name":"C:\\Users\\Tidyco\\Documents\\VScode\\Tidyco-apqp\\tests\\families-data-core.test.js","startTime":1774871333039,"status":"passed","summary":""},{"assertionResults":[{"ancestorTitles":["Logistics capacity portal"],"duration":15,"failing":false,"failureDetails":[],"failureMessages":[],"fullName":"Logistics capacity portal should have logistics capacity module available","invocations":1,"location":null,"numPassingAsserts":1,"retryReasons":[],"startAt":1774871334322,"status":"passed","title":"should have logistics capacity module available"},{"ancestorTitles":["Logistics capacity portal"],"duration":6,"failing":false,"failureDetails":[],"failureMessages":[],"fullName":"Logistics capacity portal should render tab interface","invocations":1,"location":null,"numPassingAsserts":1,"retryReasons":[],"startAt":1774871334340,"status":"passed","title":"should render tab interface"}],"endTime":1774871334350,"message":"","name":"C:\\Users\\Tidyco\\Documents\\VScode\\Tidyco-apqp\\tests\\log-capacity.test.js","startTime":1774871333656,"status":"passed","summary":""},{"assertionResults":[{"ancestorTitles":["Hub portal"],"duration":5,"failing":false,"failureDetails":[],"failureMessages":[],"fullName":"Hub portal should have hub module available","invocations":1,"location":null,"numPassingAsserts":1,"retryReasons":[],"startAt":1774871334321,"status":"passed","title":"should have hub module available"}],"endTime":1774871334342,"message":"","name":"C:\\Users\\Tidyco\\Documents\\VScode\\Tidyco-apqp\\tests\\hub.test.js","startTime":1774871333301,"status":"passed","summary":""},{"assertionResults":[{"ancestorTitles":["Product Management event delegation and rendering"],"duration":77,"failing":false,"failureDetails":[],"failureMessages":[],"fullName":"Product Management event delegation and rendering should have product management module available","invocations":1,"location":null,"numPassingAsserts":1,"retryReasons":[],"startAt":1774871334057,"status":"passed","title":"should have product management module available"},{"ancestorTitles":["Product Management event delegation and rendering"],"duration":3,"failing":false,"failureDetails":[],"failureMessages":[],"fullName":"Product Management event delegation and rendering should render products table container","invocations":1,"location":null,"numPassingAsserts":1,"retryReasons":[],"startAt":1774871334357,"status":"passed","title":"should render products table container"},{"ancestorTitles":["Product Management event delegation and rendering"],"duration":8,"failing":false,"failureDetails":[],"failureMessages":[],"fullName":"Product Management event delegation and rendering should support search input for products","invocations":1,"location":null,"numPassingAsserts":2,"retryReasons":[],"startAt":1774871334361,"status":"passed","title":"should support search input for products"},{"ancestorTitles":["Product Management event delegation and rendering"],"duration":2,"failing":false,"failureDetails":[],"failureMessages":[],"fullName":"Product Management event delegation and rendering should use delegated event handlers","invocations":1,"location":null,"numPassingAsserts":1,"retryReasons":[],"startAt":1774871334369,"status":"passed","title":"should use delegated event handlers"}],"endTime":1774871334374,"message":"","name":"C:\\Users\\Tidyco\\Documents\\VScode\\Tidyco-apqp\\tests\\product-management.test.js","startTime":1774871333127,"status":"passed","summary":""},{"assertionResults":[{"ancestorTitles":["MCS approval workflow"],"duration":6,"failing":false,"failureDetails":[],"failureMessages":[],"fullName":"MCS approval workflow should have MCS approval module available","invocations":1,"location":null,"numPassingAsserts":1,"retryReasons":[],"startAt":1774871334563,"status":"passed","title":"should have MCS approval module available"}],"endTime":1774871334572,"message":"","name":"C:\\Users\\Tidyco\\Documents\\VScode\\Tidyco-apqp\\tests\\mcs-approval-core.test.js","startTime":1774871334114,"status":"passed","summary":""},{"assertionResults":[{"ancestorTitles":["Operations dashboard"],"duration":5,"failing":false,"failureDetails":[],"failureMessages":[],"fullName":"Operations dashboard should have operations module available","invocations":1,"location":null,"numPassingAsserts":1,"retryReasons":[],"startAt":1774871334546,"status":"passed","title":"should have operations module available"}],"endTime":1774871334564,"message":"","name":"C:\\Users\\Tidyco\\Documents\\VScode\\Tidyco-apqp\\tests\\operations-dashboard.test.js","startTime":1774871333647,"status":"passed","summary":""},{"assertionResults":[{"ancestorTitles":["Action Centre portal"],"duration":10,"failing":false,"failureDetails":[],"failureMessages":[],"fullName":"Action Centre portal should have action centre module available","invocations":1,"location":null,"numPassingAsserts":1,"retryReasons":[],"startAt":1774871334940,"status":"passed","title":"should have action centre module available"}],"endTime":1774871334957,"message":"","name":"C:\\Users\\Tidyco\\Documents\\VScode\\Tidyco-apqp\\tests\\action-centre.test.js","startTime":1774871334471,"status":"passed","summary":""},{"assertionResults":[{"ancestorTitles":["Navigation module"],"duration":8,"failing":false,"failureDetails":[],"failureMessages":[],"fullName":"Navigation module should have navigation module available","invocations":1,"location":null,"numPassingAsserts":1,"retryReasons":[],"startAt":1774871334953,"status":"passed","title":"should have navigation module available"},{"ancestorTitles":["Navigation module"],"duration":29,"failing":false,"failureDetails":[],"failureMessages":[],"fullName":"Navigation module should support hash-based routing","invocations":1,"location":null,"numPassingAsserts":1,"retryReasons":[],"startAt":1774871334966,"status":"passed","title":"should support hash-based routing"}],"endTime":1774871334997,"message":"","name":"C:\\Users\\Tidyco\\Documents\\VScode\\Tidyco-apqp\\tests\\navigation.test.js","startTime":1774871334474,"status":"passed","summary":""},{"assertionResults":[{"ancestorTitles":["PFMEA module"],"duration":36,"failing":false,"failureDetails":[],"failureMessages":[],"fullName":"PFMEA module should have PFMEA module available","invocations":1,"location":null,"numPassingAsserts":2,"retryReasons":[],"startAt":1774871334953,"status":"passed","title":"should have PFMEA module available"}],"endTime":1774871334995,"message":"","name":"C:\\Users\\Tidyco\\Documents\\VScode\\Tidyco-apqp\\tests\\pfmea.test.js","startTime":1774871334458,"status":"passed","summary":""},{"assertionResults":[{"ancestorTitles":["NPI PFD headers"],"duration":9,"failing":false,"failureDetails":[],"failureMessages":[],"fullName":"NPI PFD headers should use crypto.randomUUID for header ID generation","invocations":1,"location":null,"numPassingAsserts":2,"retryReasons":[],"startAt":1774871334979,"status":"passed","title":"should use crypto.randomUUID for header ID generation"},{"ancestorTitles":["NPI PFD headers"],"duration":1,"failing":false,"failureDetails":[],"failureMessages":[],"fullName":"NPI PFD headers should generate unique header IDs","invocations":1,"location":null,"numPassingAsserts":1,"retryReasons":[],"startAt":1774871334991,"status":"passed","title":"should generate unique header IDs"},{"ancestorTitles":["NPI PFD headers"],"duration":5,"failing":false,"failureDetails":[],"failureMessages":[],"fullName":"NPI PFD headers should have npi.data namespace","invocations":1,"location":null,"numPassingAsserts":1,"retryReasons":[],"startAt":1774871334992,"status":"passed","title":"should have npi.data namespace"},{"ancestorTitles":["NPI PFD headers"],"duration":2,"failing":false,"failureDetails":[],"failureMessages":[],"fullName":"NPI PFD headers should have npi.notify function","invocations":1,"location":null,"numPassingAsserts":1,"retryReasons":[],"startAt":1774871334998,"status":"passed","title":"should have npi.notify function"}],"endTime":1774871335004,"message":"","name":"C:\\Users\\Tidyco\\Documents\\VScode\\Tidyco-apqp\\tests\\npi-pfd-headers.test.js","startTime":1774871333780,"status":"passed","summary":""},{"assertionResults":[{"ancestorTitles":["Core DB layer"],"duration":4,"failing":false,"failureDetails":[],"failureMessages":[],"fullName":"Core DB layer should export save function","invocations":1,"location":null,"numPassingAsserts":1,"retryReasons":[],"startAt":1774871335008,"status":"passed","title":"should export save function"}],"endTime":1774871335023,"message":"","name":"C:\\Users\\Tidyco\\Documents\\VScode\\Tidyco-apqp\\tests\\db.test.js","startTime":1774871334175,"status":"passed","summary":""},{"assertionResults":[{"ancestorTitles":["Production data utilities"],"duration":6,"failing":false,"failureDetails":[],"failureMessages":[],"fullName":"Production data utilities should have production data module available","invocations":1,"location":null,"numPassingAsserts":1,"retryReasons":[],"startAt":1774871335123,"status":"passed","title":"should have production data module available"}],"endTime":1774871335133,"message":"","name":"C:\\Users\\Tidyco\\Documents\\VScode\\Tidyco-apqp\\tests\\production-data.test.js","startTime":1774871334616,"status":"passed","summary":""}],"wasInterrupted":false}
